c:\users\gamer145\documents\github\kb01\engine kb-01\engine kb-01\debug\vc120.pdb
c:\users\gamer145\documents\github\kb01\engine kb-01\engine kb-01\debug\vc120.idb
c:\users\gamer145\documents\github\kb01\engine kb-01\engine kb-01\debug\levelloader.obj
c:\users\gamer145\documents\github\kb01\engine kb-01\engine kb-01\debug\logger.obj
c:\users\gamer145\documents\github\kb01\engine kb-01\engine kb-01\debug\materialwrapper.obj
c:\users\gamer145\documents\github\kb01\engine kb-01\engine kb-01\debug\matrixwrapper.obj
c:\users\gamer145\documents\github\kb01\engine kb-01\engine kb-01\debug\meshwrapper.obj
c:\users\gamer145\documents\github\kb01\engine kb-01\engine kb-01\debug\texturewrapper.obj
c:\users\gamer145\documents\github\kb01\engine kb-01\engine kb-01\debug\vertexbufferwrapper.obj
c:\users\gamer145\documents\github\kb01\engine kb-01\engine kb-01\debug\visualobject.obj
c:\users\gamer145\documents\github\kb01\engine kb-01\engine kb-01\debug\modelloader.obj
c:\users\gamer145\documents\github\kb01\engine kb-01\engine kb-01\debug\mouselistener.obj
c:\users\gamer145\documents\github\kb01\engine kb-01\engine kb-01\debug\scene_manager.obj
c:\users\gamer145\documents\github\kb01\engine kb-01\engine kb-01\debug\skyboxloader.obj
c:\users\gamer145\documents\github\kb01\engine kb-01\engine kb-01\debug\textureloader.obj
c:\users\gamer145\documents\github\kb01\engine kb-01\engine kb-01\debug\timer.obj
c:\users\gamer145\documents\github\kb01\engine kb-01\engine kb-01\debug\window_manager.obj
c:\users\gamer145\documents\github\kb01\engine kb-01\engine kb-01\debug\window.obj
c:\users\gamer145\documents\github\kb01\engine kb-01\engine kb-01\debug\camera.obj
c:\users\gamer145\documents\github\kb01\engine kb-01\engine kb-01\debug\cameraloader.obj
c:\users\gamer145\documents\github\kb01\engine kb-01\engine kb-01\debug\entity.obj
c:\users\gamer145\documents\github\kb01\engine kb-01\engine kb-01\debug\indexbufferwrapper.obj
c:\users\gamer145\documents\github\kb01\engine kb-01\engine kb-01\debug\inputhandler.obj
c:\users\gamer145\documents\github\kb01\engine kb-01\engine kb-01\debug\kernel.obj
c:\users\gamer145\documents\github\kb01\engine kb-01\engine kb-01\debug\keyboardlistener.obj
c:\users\gamer145\documents\github\kb01\engine kb-01\engine kb-01\debug\level.obj
c:\users\gamer145\documents\github\kb01\engine kb-01\engine kb-01\debug\engine kb-01.tlog\cl.command.1.tlog
c:\users\gamer145\documents\github\kb01\engine kb-01\engine kb-01\debug\engine kb-01.tlog\cl.read.1.tlog
c:\users\gamer145\documents\github\kb01\engine kb-01\engine kb-01\debug\engine kb-01.tlog\cl.write.1.tlog
